Lightship 2/Temp/gradleOut/launcher/build/intermediates/manifest_merge_blame_file/release/manifest-merger-blame-release-report.txt
1<?xml version="1.0" encoding="utf-8"?>
2<!-- GENERATED BY UNITY. REMOVE THIS COMMENT TO PREVENT OVERWRITING WHEN EXPORTING AGAIN -->
3<manifest xmlns:android="http://schemas.android.com/apk/res/android"
4    package="com.DefaultCompany.Lightship2"
5    android:installLocation="preferExternal"
6    android:versionCode="1"
7    android:versionName="1.0.2" >
8
9    <uses-sdk
10        android:minSdkVersion="30"
10-->src\main\AndroidManifest.xml
11        android:targetSdkVersion="30" />
11-->src\main\AndroidManifest.xml
12
13    <supports-screens
13-->src\main\AndroidManifest.xml:4:3-163
14        android:anyDensity="true"
14-->src\main\AndroidManifest.xml:4:135-160
15        android:largeScreens="true"
15-->src\main\AndroidManifest.xml:4:78-105
16        android:normalScreens="true"
16-->src\main\AndroidManifest.xml:4:49-77
17        android:smallScreens="true"
17-->src\main\AndroidManifest.xml:4:21-48
18        android:xlargeScreens="true" />
18-->src\main\AndroidManifest.xml:4:106-134
19
20    <uses-feature android:glEsVersion="0x00030000" />
20-->[:unityLibrary] AndroidManifest.xml:13:5-54
20-->[:unityLibrary] AndroidManifest.xml:13:19-51
21    <uses-feature
21-->[:unityLibrary] AndroidManifest.xml:14:5-16:36
22        android:name="android.hardware.vulkan.version"
22-->[:unityLibrary] AndroidManifest.xml:15:9-55
23        android:required="false" />
23-->[:unityLibrary] AndroidManifest.xml:16:9-33
24
25    <uses-permission android:name="android.permission.INTERNET" />
25-->[:unityLibrary] AndroidManifest.xml:18:5-67
25-->[:unityLibrary] AndroidManifest.xml:18:22-64
26    <uses-permission android:name="android.permission.ACCESS_NETWORK_STATE" />
26-->[:unityLibrary] AndroidManifest.xml:19:5-79
26-->[:unityLibrary] AndroidManifest.xml:19:22-76
27    <uses-permission android:name="android.permission.ACCESS_FINE_LOCATION" />
27-->[:unityLibrary] AndroidManifest.xml:20:5-79
27-->[:unityLibrary] AndroidManifest.xml:20:22-76
28
29    <uses-feature
29-->[:unityLibrary] AndroidManifest.xml:22:5-24:36
30        android:name="android.hardware.location.gps"
30-->[:unityLibrary] AndroidManifest.xml:23:9-53
31        android:required="false" />
31-->[:unityLibrary] AndroidManifest.xml:24:9-33
32    <uses-feature
32-->[:unityLibrary] AndroidManifest.xml:25:5-27:36
33        android:name="android.hardware.location"
33-->[:unityLibrary] AndroidManifest.xml:26:9-49
34        android:required="false" />
34-->[:unityLibrary] AndroidManifest.xml:27:9-33
35    <uses-feature
35-->[:unityLibrary] AndroidManifest.xml:28:5-30:36
36        android:name="android.hardware.touchscreen"
36-->[:unityLibrary] AndroidManifest.xml:29:9-52
37        android:required="false" />
37-->[:unityLibrary] AndroidManifest.xml:30:9-33
38    <uses-feature
38-->[:unityLibrary] AndroidManifest.xml:31:5-33:36
39        android:name="android.hardware.touchscreen.multitouch"
39-->[:unityLibrary] AndroidManifest.xml:32:9-63
40        android:required="false" />
40-->[:unityLibrary] AndroidManifest.xml:33:9-33
41    <uses-feature
41-->[:unityLibrary] AndroidManifest.xml:34:5-36:36
42        android:name="android.hardware.touchscreen.multitouch.distinct"
42-->[:unityLibrary] AndroidManifest.xml:35:9-72
43        android:required="false" />
43-->[:unityLibrary] AndroidManifest.xml:36:9-33
44
45    <uses-permission android:name="android.permission.CAMERA" /> <!-- Read permission required to load vocab file -->
45-->[:nar-dependencies:] AndroidManifest.xml:12:5-65
45-->[:nar-dependencies:] AndroidManifest.xml:12:22-62
46    <uses-permission android:name="android.permission.READ_EXTERNAL_STORAGE" />
46-->[:nar-dependencies:] AndroidManifest.xml:15:5-80
46-->[:nar-dependencies:] AndroidManifest.xml:15:22-77
47    <!--
48       This tag indicates that this application requires ARCore.  This results in the application
49       only being visible in the Google Play Store on devices that support ARCore.
50    -->
51    <uses-feature
51-->[:nar-dependencies:] AndroidManifest.xml:21:5-23:36
52        android:name="android.hardware.camera.ar"
52-->[:nar-dependencies:] AndroidManifest.xml:22:9-50
53        android:required="false" />
53-->[:nar-dependencies:] AndroidManifest.xml:23:9-33
54
55    <application
55-->src\main\AndroidManifest.xml:5:3-116
56        android:allowBackup="true"
56-->[:nar-dependencies:] AndroidManifest.xml:26:9-35
57        android:extractNativeLibs="true"
57-->src\main\AndroidManifest.xml:5:16-48
58        android:icon="@mipmap/app_icon"
58-->src\main\AndroidManifest.xml:5:82-113
59        android:label="@string/app_name"
59-->src\main\AndroidManifest.xml:5:49-81
60        android:supportsRtl="true" >
60-->[:nar-dependencies:] AndroidManifest.xml:28:9-35
61        <activity
61-->[:unityLibrary] AndroidManifest.xml:39:9-59:20
62            android:name="com.unity3d.player.UnityPlayerActivity"
62-->[:unityLibrary] AndroidManifest.xml:40:13-66
63            android:configChanges="mcc|mnc|locale|touchscreen|keyboard|keyboardHidden|navigation|orientation|screenLayout|uiMode|screenSize|smallestScreenSize|fontScale|layoutDirection|density"
63-->[:unityLibrary] AndroidManifest.xml:41:13-194
64            android:hardwareAccelerated="false"
64-->[:unityLibrary] AndroidManifest.xml:42:13-48
65            android:launchMode="singleTask"
65-->[:unityLibrary] AndroidManifest.xml:43:13-44
66            android:resizeableActivity="false"
66-->[:unityLibrary] AndroidManifest.xml:44:13-47
67            android:screenOrientation="fullSensor"
67-->[:unityLibrary] AndroidManifest.xml:45:13-51
68            android:theme="@style/UnityThemeSelector" >
68-->[:unityLibrary] AndroidManifest.xml:46:13-54
69            <intent-filter>
69-->[:unityLibrary] AndroidManifest.xml:47:13-51:29
70                <action android:name="android.intent.action.MAIN" />
70-->[:unityLibrary] AndroidManifest.xml:48:17-69
70-->[:unityLibrary] AndroidManifest.xml:48:25-66
71
72                <category android:name="android.intent.category.LAUNCHER" />
72-->[:unityLibrary] AndroidManifest.xml:50:17-77
72-->[:unityLibrary] AndroidManifest.xml:50:27-74
73            </intent-filter>
74
75            <meta-data
75-->[:unityLibrary] AndroidManifest.xml:53:13-55:40
76                android:name="unityplayer.UnityActivity"
76-->[:unityLibrary] AndroidManifest.xml:54:17-57
77                android:value="true" />
77-->[:unityLibrary] AndroidManifest.xml:55:17-37
78            <meta-data
78-->[:unityLibrary] AndroidManifest.xml:56:13-58:40
79                android:name="android.notch_support"
79-->[:unityLibrary] AndroidManifest.xml:57:17-53
80                android:value="true" />
80-->[:unityLibrary] AndroidManifest.xml:58:17-37
81        </activity>
82
83        <meta-data
83-->[:unityLibrary] AndroidManifest.xml:61:9-63:33
84            android:name="unity.splash-mode"
84-->[:unityLibrary] AndroidManifest.xml:62:13-45
85            android:value="0" />
85-->[:unityLibrary] AndroidManifest.xml:63:13-30
86        <meta-data
86-->[:unityLibrary] AndroidManifest.xml:64:9-66:36
87            android:name="unity.splash-enable"
87-->[:unityLibrary] AndroidManifest.xml:65:13-47
88            android:value="True" />
88-->[:unityLibrary] AndroidManifest.xml:66:13-33
89        <meta-data
89-->[:unityLibrary] AndroidManifest.xml:67:9-69:37
90            android:name="unity.allow-resizable-window"
90-->[:unityLibrary] AndroidManifest.xml:68:13-56
91            android:value="False" />
91-->[:unityLibrary] AndroidManifest.xml:69:13-34
92        <meta-data
92-->[:unityLibrary] AndroidManifest.xml:70:9-72:50
93            android:name="notch.config"
93-->[:unityLibrary] AndroidManifest.xml:71:13-40
94            android:value="portrait|landscape" />
94-->[:unityLibrary] AndroidManifest.xml:72:13-47
95        <meta-data
95-->[:unityLibrary] AndroidManifest.xml:73:9-75:68
96            android:name="unity.build-id"
96-->[:unityLibrary] AndroidManifest.xml:74:13-42
97            android:value="6e033738-edde-443b-b53d-3a2c3781fc13" />
97-->[:unityLibrary] AndroidManifest.xml:75:13-65
98
99        <receiver
99-->[:unityLibrary] AndroidManifest.xml:77:9-79:40
100            android:name="com.unity.androidnotifications.UnityNotificationManager"
100-->[:unityLibrary] AndroidManifest.xml:78:13-83
101            android:exported="false" />
101-->[:unityLibrary] AndroidManifest.xml:79:13-37
102        <receiver
102-->[:unityLibrary] AndroidManifest.xml:80:9-87:20
103            android:name="com.unity.androidnotifications.UnityNotificationRestartOnBootReceiver"
103-->[:unityLibrary] AndroidManifest.xml:81:13-97
104            android:enabled="false"
104-->[:unityLibrary] AndroidManifest.xml:82:13-36
105            android:exported="false" >
105-->[:unityLibrary] AndroidManifest.xml:83:13-37
106            <intent-filter>
106-->[:unityLibrary] AndroidManifest.xml:84:13-86:29
107                <action android:name="android.intent.action.BOOT_COMPLETED" />
107-->[:unityLibrary] AndroidManifest.xml:85:17-79
107-->[:unityLibrary] AndroidManifest.xml:85:25-76
108            </intent-filter>
109        </receiver> <!-- The minimal version code of ARCore APK required for an app using this SDK. -->
110        <meta-data
110-->[:arcore:] AndroidManifest.xml:33:9-35:41
111            android:name="com.google.ar.core.min_apk_version"
111-->[:arcore:] AndroidManifest.xml:34:13-62
112            android:value="191106000" /> <!-- This activity is critical for installing ARCore when it is not already present. -->
112-->[:arcore:] AndroidManifest.xml:35:13-38
113        <activity
113-->[:arcore:] AndroidManifest.xml:37:9-43:80
114            android:name="com.google.ar.core.InstallActivity"
114-->[:arcore:] AndroidManifest.xml:38:13-62
115            android:configChanges="keyboardHidden|orientation|screenSize"
115-->[:arcore:] AndroidManifest.xml:39:13-74
116            android:excludeFromRecents="true"
116-->[:arcore:] AndroidManifest.xml:40:13-46
117            android:exported="false"
117-->[:arcore:] AndroidManifest.xml:41:13-37
118            android:launchMode="singleTop"
118-->[:arcore:] AndroidManifest.xml:42:13-43
119            android:theme="@android:style/Theme.Material.Light.Dialog.Alert" />
119-->[:arcore:] AndroidManifest.xml:43:13-77
120        <!--
121         This tag indicates that this application requires ARCore.  This results in the Google Play
122         Store downloading and installing ARCore along with the application.
123        -->
124        <meta-data
124-->[:nar-dependencies:] AndroidManifest.xml:51:9-53:40
125            android:name="com.google.ar.core"
125-->[:nar-dependencies:] AndroidManifest.xml:52:13-46
126            android:value="optional" />
126-->[:nar-dependencies:] AndroidManifest.xml:53:13-37
127    </application>
128
129</manifest>